[AssignApp | INFO] Copying /Users/vitorhadad/Documents/ECON1151/Homeworks/source/./HW1/.DS_Store -> /Users/vitorhadad/Documents/ECON1151/Homeworks/release/./HW1/.DS_Store
[AssignApp | INFO] Updating/creating assignment 'HW1': {}
[AssignApp | INFO] Converting notebook /Users/vitorhadad/Documents/ECON1151/Homeworks/source/./HW1/HW1.ipynb to notebook
[AssignApp | INFO] Writing 2783 bytes to /Users/vitorhadad/Documents/ECON1151/Homeworks/release/./HW1/HW1.ipynb
[AssignApp | INFO] Setting destination file permissions to 644
[AssignApp | INFO] Skipping existing assignment: /Users/vitorhadad/Documents/ECON1151/Homeworks/release/HW1
[AssignApp | WARNING] Removing existing assignment: /Users/vitorhadad/Documents/ECON1151/Homeworks/release/HW1
[AssignApp | INFO] Copying /Users/vitorhadad/Documents/ECON1151/Homeworks/source/./HW1/.DS_Store -> /Users/vitorhadad/Documents/ECON1151/Homeworks/release/./HW1/.DS_Store
[AssignApp | INFO] Updating/creating assignment 'HW1': {}
[AssignApp | INFO] Converting notebook /Users/vitorhadad/Documents/ECON1151/Homeworks/source/./HW1/HW1.ipynb to notebook
[AssignApp | INFO] Writing 2783 bytes to /Users/vitorhadad/Documents/ECON1151/Homeworks/release/./HW1/HW1.ipynb
[AssignApp | INFO] Setting destination file permissions to 644
[AssignApp | WARNING] Removing existing assignment: /Users/vitorhadad/Documents/ECON1151/Homeworks/release/HW1
[AssignApp | INFO] Copying /Users/vitorhadad/Documents/ECON1151/Homeworks/source/./HW1/.DS_Store -> /Users/vitorhadad/Documents/ECON1151/Homeworks/release/./HW1/.DS_Store
[AssignApp | INFO] Updating/creating assignment 'HW1': {}
[AssignApp | INFO] Converting notebook /Users/vitorhadad/Documents/ECON1151/Homeworks/source/./HW1/HW1.ipynb to notebook
[AssignApp | INFO] Writing 2783 bytes to /Users/vitorhadad/Documents/ECON1151/Homeworks/release/./HW1/HW1.ipynb
[AssignApp | INFO] Setting destination file permissions to 644
[AssignApp | WARNING] Removing existing assignment: /Users/vitorhadad/Documents/ECON1151/Homeworks/release/HW1
[AssignApp | INFO] Copying /Users/vitorhadad/Documents/ECON1151/Homeworks/source/./HW1/.DS_Store -> /Users/vitorhadad/Documents/ECON1151/Homeworks/release/./HW1/.DS_Store
[AssignApp | INFO] Updating/creating assignment 'HW1': {}
[AssignApp | INFO] Converting notebook /Users/vitorhadad/Documents/ECON1151/Homeworks/source/./HW1/HW1-Copy1.ipynb to notebook
[AssignApp | WARNING] Removing unused grade_id from cell 7
[AssignApp | WARNING] Removing unused grade_id from cell 9
[AssignApp | WARNING] Removing unused grade_id from cell 11
[AssignApp | WARNING] Removing unused grade_id from cell 13
[AssignApp | WARNING] Removing unused grade_id from cell 16
[AssignApp | WARNING] Removing unused grade_id from cell 18
[AssignApp | WARNING] Removing unused grade_id from cell 20
[AssignApp | WARNING] Removing unused grade_id from cell 32
[AssignApp | INFO] Writing 18229 bytes to /Users/vitorhadad/Documents/ECON1151/Homeworks/release/./HW1/HW1-Copy1.ipynb
[AssignApp | INFO] Converting notebook /Users/vitorhadad/Documents/ECON1151/Homeworks/source/./HW1/HW1.ipynb to notebook
[AssignApp | INFO] Writing 5250 bytes to /Users/vitorhadad/Documents/ECON1151/Homeworks/release/./HW1/HW1.ipynb
[AssignApp | INFO] Setting destination file permissions to 644
[AssignApp | WARNING] Removing existing assignment: /Users/vitorhadad/Documents/ECON1151/Homeworks/release/HW1
[AssignApp | INFO] Copying /Users/vitorhadad/Documents/ECON1151/Homeworks/source/./HW1/.DS_Store -> /Users/vitorhadad/Documents/ECON1151/Homeworks/release/./HW1/.DS_Store
[AssignApp | INFO] Updating/creating assignment 'HW1': {}
[AssignApp | INFO] Converting notebook /Users/vitorhadad/Documents/ECON1151/Homeworks/source/./HW1/HW1-Copy1.ipynb to notebook
[AssignApp | WARNING] Removing unused grade_id from cell 7
[AssignApp | WARNING] Removing unused grade_id from cell 9
[AssignApp | WARNING] Removing unused grade_id from cell 11
[AssignApp | WARNING] Removing unused grade_id from cell 13
[AssignApp | WARNING] Removing unused grade_id from cell 16
[AssignApp | WARNING] Removing unused grade_id from cell 18
[AssignApp | WARNING] Removing unused grade_id from cell 20
[AssignApp | WARNING] Removing unused grade_id from cell 32
[AssignApp | INFO] Writing 18229 bytes to /Users/vitorhadad/Documents/ECON1151/Homeworks/release/./HW1/HW1-Copy1.ipynb
[AssignApp | INFO] Converting notebook /Users/vitorhadad/Documents/ECON1151/Homeworks/source/./HW1/HW1.ipynb to notebook
[AssignApp | INFO] Writing 5420 bytes to /Users/vitorhadad/Documents/ECON1151/Homeworks/release/./HW1/HW1.ipynb
[AssignApp | INFO] Setting destination file permissions to 644
[AssignApp | WARNING] Removing existing assignment: /Users/vitorhadad/Documents/ECON1151/Homeworks/release/HW1
[AssignApp | INFO] Copying /Users/vitorhadad/Documents/ECON1151/Homeworks/source/./HW1/.DS_Store -> /Users/vitorhadad/Documents/ECON1151/Homeworks/release/./HW1/.DS_Store
[AssignApp | INFO] Updating/creating assignment 'HW1': {}
[AssignApp | INFO] Converting notebook /Users/vitorhadad/Documents/ECON1151/Homeworks/source/./HW1/HW1-Copy1.ipynb to notebook
[AssignApp | WARNING] Removing unused grade_id from cell 7
[AssignApp | WARNING] Removing unused grade_id from cell 9
[AssignApp | WARNING] Removing unused grade_id from cell 11
[AssignApp | WARNING] Removing unused grade_id from cell 13
[AssignApp | WARNING] Removing unused grade_id from cell 16
[AssignApp | WARNING] Removing unused grade_id from cell 18
[AssignApp | WARNING] Removing unused grade_id from cell 20
[AssignApp | WARNING] Removing unused grade_id from cell 32
[AssignApp | INFO] Writing 18229 bytes to /Users/vitorhadad/Documents/ECON1151/Homeworks/release/./HW1/HW1-Copy1.ipynb
[AssignApp | INFO] Converting notebook /Users/vitorhadad/Documents/ECON1151/Homeworks/source/./HW1/HW1.ipynb to notebook
[AssignApp | INFO] Writing 5114 bytes to /Users/vitorhadad/Documents/ECON1151/Homeworks/release/./HW1/HW1.ipynb
[AssignApp | INFO] Setting destination file permissions to 644
[AssignApp | WARNING] Removing existing assignment: /Users/vitorhadad/Documents/ECON1151/Homeworks/release/HW1
[AssignApp | INFO] Copying /Users/vitorhadad/Documents/ECON1151/Homeworks/source/./HW1/.DS_Store -> /Users/vitorhadad/Documents/ECON1151/Homeworks/release/./HW1/.DS_Store
[AssignApp | INFO] Updating/creating assignment 'HW1': {}
[AssignApp | INFO] Converting notebook /Users/vitorhadad/Documents/ECON1151/Homeworks/source/./HW1/HW1-Copy1.ipynb to notebook
[AssignApp | WARNING] Removing unused grade_id from cell 7
[AssignApp | WARNING] Removing unused grade_id from cell 9
[AssignApp | WARNING] Removing unused grade_id from cell 11
[AssignApp | WARNING] Removing unused grade_id from cell 13
[AssignApp | WARNING] Removing unused grade_id from cell 16
[AssignApp | WARNING] Removing unused grade_id from cell 18
[AssignApp | WARNING] Removing unused grade_id from cell 20
[AssignApp | WARNING] Removing unused grade_id from cell 32
[AssignApp | INFO] Writing 18229 bytes to /Users/vitorhadad/Documents/ECON1151/Homeworks/release/./HW1/HW1-Copy1.ipynb
[AssignApp | INFO] Converting notebook /Users/vitorhadad/Documents/ECON1151/Homeworks/source/./HW1/HW1.ipynb to notebook
[AssignApp | INFO] Writing 5114 bytes to /Users/vitorhadad/Documents/ECON1151/Homeworks/release/./HW1/HW1.ipynb
[AssignApp | INFO] Setting destination file permissions to 644
[AssignApp | WARNING] Removing existing assignment: /Users/vitorhadad/Documents/ECON1151/Homeworks/release/HW1
[AssignApp | INFO] Copying /Users/vitorhadad/Documents/ECON1151/Homeworks/source/./HW1/.DS_Store -> /Users/vitorhadad/Documents/ECON1151/Homeworks/release/./HW1/.DS_Store
[AssignApp | INFO] Updating/creating assignment 'HW1': {}
[AssignApp | INFO] Converting notebook /Users/vitorhadad/Documents/ECON1151/Homeworks/source/./HW1/HW1-Copy1.ipynb to notebook
[AssignApp | WARNING] Removing unused grade_id from cell 7
[AssignApp | WARNING] Removing unused grade_id from cell 9
[AssignApp | WARNING] Removing unused grade_id from cell 11
[AssignApp | WARNING] Removing unused grade_id from cell 13
[AssignApp | WARNING] Removing unused grade_id from cell 16
[AssignApp | WARNING] Removing unused grade_id from cell 18
[AssignApp | WARNING] Removing unused grade_id from cell 20
[AssignApp | WARNING] Removing unused grade_id from cell 32
[AssignApp | INFO] Writing 18229 bytes to /Users/vitorhadad/Documents/ECON1151/Homeworks/release/./HW1/HW1-Copy1.ipynb
[AssignApp | INFO] Converting notebook /Users/vitorhadad/Documents/ECON1151/Homeworks/source/./HW1/HW1.ipynb to notebook
[AssignApp | ERROR] There was an error processing assignment: /Users/vitorhadad/Documents/ECON1151/Homeworks/source/./HW1
[AssignApp | ERROR] Traceback (most recent call last):
      File "/Users/vitorhadad/anaconda/lib/python3.5/site-packages/nbgrader/preprocessors/checkcellmetadata.py", line 33, in preprocess_cell
        points = float(points)
    ValueError: could not convert string to float: 
    
    During handling of the above exception, another exception occurred:
    
    Traceback (most recent call last):
      File "/Users/vitorhadad/anaconda/lib/python3.5/site-packages/nbgrader/apps/baseapp.py", line 769, in convert_notebooks
        super(BaseNbConvertApp, self).convert_notebooks()
      File "/Users/vitorhadad/anaconda/lib/python3.5/site-packages/nbconvert/nbconvertapp.py", line 457, in convert_notebooks
        self.convert_single_notebook(notebook_filename)
      File "/Users/vitorhadad/anaconda/lib/python3.5/site-packages/nbconvert/nbconvertapp.py", line 428, in convert_single_notebook
        output, resources = self.export_single_notebook(notebook_filename, resources, input_buffer=input_buffer)
      File "/Users/vitorhadad/anaconda/lib/python3.5/site-packages/nbconvert/nbconvertapp.py", line 357, in export_single_notebook
        output, resources = self.exporter.from_filename(notebook_filename, resources=resources)
      File "/Users/vitorhadad/anaconda/lib/python3.5/site-packages/nbconvert/exporters/exporter.py", line 165, in from_filename
        return self.from_file(f, resources=resources, **kw)
      File "/Users/vitorhadad/anaconda/lib/python3.5/site-packages/nbconvert/exporters/exporter.py", line 183, in from_file
        return self.from_notebook_node(nbformat.read(file_stream, as_version=4), resources=resources, **kw)
      File "/Users/vitorhadad/anaconda/lib/python3.5/site-packages/nbconvert/exporters/notebook.py", line 26, in from_notebook_node
        nb_copy, resources = super(NotebookExporter, self).from_notebook_node(nb, resources, **kw)
      File "/Users/vitorhadad/anaconda/lib/python3.5/site-packages/nbconvert/exporters/exporter.py", line 130, in from_notebook_node
        nb_copy, resources = self._preprocess(nb_copy, resources)
      File "/Users/vitorhadad/anaconda/lib/python3.5/site-packages/nbconvert/exporters/exporter.py", line 302, in _preprocess
        nbc, resc = preprocessor(nbc, resc)
      File "/Users/vitorhadad/anaconda/lib/python3.5/site-packages/nbconvert/preprocessors/base.py", line 47, in __call__
        return self.preprocess(nb,resources)
      File "/Users/vitorhadad/anaconda/lib/python3.5/site-packages/nbgrader/preprocessors/checkcellmetadata.py", line 11, in preprocess
        nb, resources = super(CheckCellMetadata, self).preprocess(nb, resources)
      File "/Users/vitorhadad/anaconda/lib/python3.5/site-packages/nbconvert/preprocessors/base.py", line 70, in preprocess
        nb.cells[index], resources = self.preprocess_cell(cell, resources, index)
      File "/Users/vitorhadad/anaconda/lib/python3.5/site-packages/nbgrader/preprocessors/checkcellmetadata.py", line 37, in preprocess_cell
        grade_id, points))
    RuntimeError: Point value for grade cell q1e is invalid: 
    
[AssignApp | WARNING] Removing failed assignment: /Users/vitorhadad/Documents/ECON1151/Homeworks/release/HW1
[AssignApp | ERROR] There was an error processing assignment 'HW1' for student '.'
[AssignApp | ERROR] Please see the error log (.nbgrader.log) for details on the specific errors on the above failures.
[AssignApp | INFO] Copying /Users/vitorhadad/Documents/ECON1151/Homeworks/source/./HW1/.DS_Store -> /Users/vitorhadad/Documents/ECON1151/Homeworks/release/./HW1/.DS_Store
[AssignApp | INFO] Updating/creating assignment 'HW1': {}
[AssignApp | INFO] Converting notebook /Users/vitorhadad/Documents/ECON1151/Homeworks/source/./HW1/HW1-Copy1.ipynb to notebook
[AssignApp | WARNING] Removing unused grade_id from cell 7
[AssignApp | WARNING] Removing unused grade_id from cell 9
[AssignApp | WARNING] Removing unused grade_id from cell 11
[AssignApp | WARNING] Removing unused grade_id from cell 13
[AssignApp | WARNING] Removing unused grade_id from cell 16
[AssignApp | WARNING] Removing unused grade_id from cell 18
[AssignApp | WARNING] Removing unused grade_id from cell 20
[AssignApp | WARNING] Removing unused grade_id from cell 32
[AssignApp | INFO] Writing 18229 bytes to /Users/vitorhadad/Documents/ECON1151/Homeworks/release/./HW1/HW1-Copy1.ipynb
[AssignApp | INFO] Converting notebook /Users/vitorhadad/Documents/ECON1151/Homeworks/source/./HW1/HW1.ipynb to notebook
[AssignApp | ERROR] There was an error processing assignment: /Users/vitorhadad/Documents/ECON1151/Homeworks/source/./HW1
[AssignApp | ERROR] Traceback (most recent call last):
      File "/Users/vitorhadad/anaconda/lib/python3.5/site-packages/nbgrader/preprocessors/checkcellmetadata.py", line 33, in preprocess_cell
        points = float(points)
    ValueError: could not convert string to float: 
    
    During handling of the above exception, another exception occurred:
    
    Traceback (most recent call last):
      File "/Users/vitorhadad/anaconda/lib/python3.5/site-packages/nbgrader/apps/baseapp.py", line 769, in convert_notebooks
        super(BaseNbConvertApp, self).convert_notebooks()
      File "/Users/vitorhadad/anaconda/lib/python3.5/site-packages/nbconvert/nbconvertapp.py", line 457, in convert_notebooks
        self.convert_single_notebook(notebook_filename)
      File "/Users/vitorhadad/anaconda/lib/python3.5/site-packages/nbconvert/nbconvertapp.py", line 428, in convert_single_notebook
        output, resources = self.export_single_notebook(notebook_filename, resources, input_buffer=input_buffer)
      File "/Users/vitorhadad/anaconda/lib/python3.5/site-packages/nbconvert/nbconvertapp.py", line 357, in export_single_notebook
        output, resources = self.exporter.from_filename(notebook_filename, resources=resources)
      File "/Users/vitorhadad/anaconda/lib/python3.5/site-packages/nbconvert/exporters/exporter.py", line 165, in from_filename
        return self.from_file(f, resources=resources, **kw)
      File "/Users/vitorhadad/anaconda/lib/python3.5/site-packages/nbconvert/exporters/exporter.py", line 183, in from_file
        return self.from_notebook_node(nbformat.read(file_stream, as_version=4), resources=resources, **kw)
      File "/Users/vitorhadad/anaconda/lib/python3.5/site-packages/nbconvert/exporters/notebook.py", line 26, in from_notebook_node
        nb_copy, resources = super(NotebookExporter, self).from_notebook_node(nb, resources, **kw)
      File "/Users/vitorhadad/anaconda/lib/python3.5/site-packages/nbconvert/exporters/exporter.py", line 130, in from_notebook_node
        nb_copy, resources = self._preprocess(nb_copy, resources)
      File "/Users/vitorhadad/anaconda/lib/python3.5/site-packages/nbconvert/exporters/exporter.py", line 302, in _preprocess
        nbc, resc = preprocessor(nbc, resc)
      File "/Users/vitorhadad/anaconda/lib/python3.5/site-packages/nbconvert/preprocessors/base.py", line 47, in __call__
        return self.preprocess(nb,resources)
      File "/Users/vitorhadad/anaconda/lib/python3.5/site-packages/nbgrader/preprocessors/checkcellmetadata.py", line 11, in preprocess
        nb, resources = super(CheckCellMetadata, self).preprocess(nb, resources)
      File "/Users/vitorhadad/anaconda/lib/python3.5/site-packages/nbconvert/preprocessors/base.py", line 70, in preprocess
        nb.cells[index], resources = self.preprocess_cell(cell, resources, index)
      File "/Users/vitorhadad/anaconda/lib/python3.5/site-packages/nbgrader/preprocessors/checkcellmetadata.py", line 37, in preprocess_cell
        grade_id, points))
    RuntimeError: Point value for grade cell q1e is invalid: 
    
[AssignApp | WARNING] Removing failed assignment: /Users/vitorhadad/Documents/ECON1151/Homeworks/release/HW1
[AssignApp | ERROR] There was an error processing assignment 'HW1' for student '.'
[AssignApp | ERROR] Please see the error log (.nbgrader.log) for details on the specific errors on the above failures.
[AssignApp | INFO] Copying /Users/vitorhadad/Documents/ECON1151/Homeworks/source/./HW1/.DS_Store -> /Users/vitorhadad/Documents/ECON1151/Homeworks/release/./HW1/.DS_Store
[AssignApp | INFO] Updating/creating assignment 'HW1': {}
[AssignApp | INFO] Converting notebook /Users/vitorhadad/Documents/ECON1151/Homeworks/source/./HW1/HW1-Copy1.ipynb to notebook
[AssignApp | WARNING] Removing unused grade_id from cell 7
[AssignApp | WARNING] Removing unused grade_id from cell 9
[AssignApp | WARNING] Removing unused grade_id from cell 11
[AssignApp | WARNING] Removing unused grade_id from cell 13
[AssignApp | WARNING] Removing unused grade_id from cell 16
[AssignApp | WARNING] Removing unused grade_id from cell 18
[AssignApp | WARNING] Removing unused grade_id from cell 20
[AssignApp | WARNING] Removing unused grade_id from cell 32
[AssignApp | INFO] Writing 18229 bytes to /Users/vitorhadad/Documents/ECON1151/Homeworks/release/./HW1/HW1-Copy1.ipynb
[AssignApp | INFO] Converting notebook /Users/vitorhadad/Documents/ECON1151/Homeworks/source/./HW1/HW1.ipynb to notebook
[AssignApp | INFO] Writing 6091 bytes to /Users/vitorhadad/Documents/ECON1151/Homeworks/release/./HW1/HW1.ipynb
[AssignApp | INFO] Setting destination file permissions to 644
[AssignApp | WARNING] Removing existing assignment: /Users/vitorhadad/Documents/ECON1151/Homeworks/release/HW1
[AssignApp | INFO] Copying /Users/vitorhadad/Documents/ECON1151/Homeworks/source/./HW1/.DS_Store -> /Users/vitorhadad/Documents/ECON1151/Homeworks/release/./HW1/.DS_Store
[AssignApp | INFO] Updating/creating assignment 'HW1': {}
[AssignApp | INFO] Converting notebook /Users/vitorhadad/Documents/ECON1151/Homeworks/source/./HW1/HW1-Copy1.ipynb to notebook
[AssignApp | WARNING] Removing unused grade_id from cell 7
[AssignApp | WARNING] Removing unused grade_id from cell 9
[AssignApp | WARNING] Removing unused grade_id from cell 11
[AssignApp | WARNING] Removing unused grade_id from cell 13
[AssignApp | WARNING] Removing unused grade_id from cell 16
[AssignApp | WARNING] Removing unused grade_id from cell 18
[AssignApp | WARNING] Removing unused grade_id from cell 20
[AssignApp | WARNING] Removing unused grade_id from cell 32
[AssignApp | INFO] Writing 18229 bytes to /Users/vitorhadad/Documents/ECON1151/Homeworks/release/./HW1/HW1-Copy1.ipynb
[AssignApp | INFO] Converting notebook /Users/vitorhadad/Documents/ECON1151/Homeworks/source/./HW1/HW1.ipynb to notebook
[AssignApp | WARNING] Removing unused grade_id from cell 12
[AssignApp | INFO] Writing 7757 bytes to /Users/vitorhadad/Documents/ECON1151/Homeworks/release/./HW1/HW1.ipynb
[AssignApp | INFO] Setting destination file permissions to 644
[AssignApp | WARNING] Removing existing assignment: /Users/vitorhadad/Documents/ECON1151/Homeworks/release/HW1
[AssignApp | INFO] Copying /Users/vitorhadad/Documents/ECON1151/Homeworks/source/./HW1/.DS_Store -> /Users/vitorhadad/Documents/ECON1151/Homeworks/release/./HW1/.DS_Store
[AssignApp | INFO] Updating/creating assignment 'HW1': {}
[AssignApp | INFO] Converting notebook /Users/vitorhadad/Documents/ECON1151/Homeworks/source/./HW1/HW1-Copy1.ipynb to notebook
[AssignApp | WARNING] Removing unused grade_id from cell 7
[AssignApp | WARNING] Removing unused grade_id from cell 9
[AssignApp | WARNING] Removing unused grade_id from cell 11
[AssignApp | WARNING] Removing unused grade_id from cell 13
[AssignApp | WARNING] Removing unused grade_id from cell 16
[AssignApp | WARNING] Removing unused grade_id from cell 18
[AssignApp | WARNING] Removing unused grade_id from cell 20
[AssignApp | WARNING] Removing unused grade_id from cell 32
[AssignApp | INFO] Writing 18229 bytes to /Users/vitorhadad/Documents/ECON1151/Homeworks/release/./HW1/HW1-Copy1.ipynb
[AssignApp | INFO] Converting notebook /Users/vitorhadad/Documents/ECON1151/Homeworks/source/./HW1/HW1.ipynb to notebook
[AssignApp | WARNING] Removing unused grade_id from cell 12
[AssignApp | ERROR] There was an error processing assignment: /Users/vitorhadad/Documents/ECON1151/Homeworks/source/./HW1
[AssignApp | ERROR] Traceback (most recent call last):
      File "/Users/vitorhadad/anaconda/lib/python3.5/site-packages/nbgrader/apps/baseapp.py", line 769, in convert_notebooks
        super(BaseNbConvertApp, self).convert_notebooks()
      File "/Users/vitorhadad/anaconda/lib/python3.5/site-packages/nbconvert/nbconvertapp.py", line 457, in convert_notebooks
        self.convert_single_notebook(notebook_filename)
      File "/Users/vitorhadad/anaconda/lib/python3.5/site-packages/nbconvert/nbconvertapp.py", line 428, in convert_single_notebook
        output, resources = self.export_single_notebook(notebook_filename, resources, input_buffer=input_buffer)
      File "/Users/vitorhadad/anaconda/lib/python3.5/site-packages/nbconvert/nbconvertapp.py", line 357, in export_single_notebook
        output, resources = self.exporter.from_filename(notebook_filename, resources=resources)
      File "/Users/vitorhadad/anaconda/lib/python3.5/site-packages/nbconvert/exporters/exporter.py", line 165, in from_filename
        return self.from_file(f, resources=resources, **kw)
      File "/Users/vitorhadad/anaconda/lib/python3.5/site-packages/nbconvert/exporters/exporter.py", line 183, in from_file
        return self.from_notebook_node(nbformat.read(file_stream, as_version=4), resources=resources, **kw)
      File "/Users/vitorhadad/anaconda/lib/python3.5/site-packages/nbconvert/exporters/notebook.py", line 26, in from_notebook_node
        nb_copy, resources = super(NotebookExporter, self).from_notebook_node(nb, resources, **kw)
      File "/Users/vitorhadad/anaconda/lib/python3.5/site-packages/nbconvert/exporters/exporter.py", line 130, in from_notebook_node
        nb_copy, resources = self._preprocess(nb_copy, resources)
      File "/Users/vitorhadad/anaconda/lib/python3.5/site-packages/nbconvert/exporters/exporter.py", line 302, in _preprocess
        nbc, resc = preprocessor(nbc, resc)
      File "/Users/vitorhadad/anaconda/lib/python3.5/site-packages/nbconvert/preprocessors/base.py", line 47, in __call__
        return self.preprocess(nb,resources)
      File "/Users/vitorhadad/anaconda/lib/python3.5/site-packages/nbgrader/preprocessors/checkcellmetadata.py", line 11, in preprocess
        nb, resources = super(CheckCellMetadata, self).preprocess(nb, resources)
      File "/Users/vitorhadad/anaconda/lib/python3.5/site-packages/nbconvert/preprocessors/base.py", line 70, in preprocess
        nb.cells[index], resources = self.preprocess_cell(cell, resources, index)
      File "/Users/vitorhadad/anaconda/lib/python3.5/site-packages/nbgrader/preprocessors/checkcellmetadata.py", line 26, in preprocess_cell
        raise RuntimeError("Invalid grade id: {}".format(grade_id))
    RuntimeError: Invalid grade id: 
    
[AssignApp | WARNING] Removing failed assignment: /Users/vitorhadad/Documents/ECON1151/Homeworks/release/HW1
[AssignApp | ERROR] There was an error processing assignment 'HW1' for student '.'
[AssignApp | ERROR] Please see the error log (.nbgrader.log) for details on the specific errors on the above failures.
[AssignApp | INFO] Copying /Users/vitorhadad/Documents/ECON1151/Homeworks/source/./HW1/.DS_Store -> /Users/vitorhadad/Documents/ECON1151/Homeworks/release/./HW1/.DS_Store
[AssignApp | INFO] Updating/creating assignment 'HW1': {}
[AssignApp | INFO] Converting notebook /Users/vitorhadad/Documents/ECON1151/Homeworks/source/./HW1/HW1-Copy1.ipynb to notebook
[AssignApp | WARNING] Removing unused grade_id from cell 7
[AssignApp | WARNING] Removing unused grade_id from cell 9
[AssignApp | WARNING] Removing unused grade_id from cell 11
[AssignApp | WARNING] Removing unused grade_id from cell 13
[AssignApp | WARNING] Removing unused grade_id from cell 16
[AssignApp | WARNING] Removing unused grade_id from cell 18
[AssignApp | WARNING] Removing unused grade_id from cell 20
[AssignApp | WARNING] Removing unused grade_id from cell 32
[AssignApp | INFO] Writing 18229 bytes to /Users/vitorhadad/Documents/ECON1151/Homeworks/release/./HW1/HW1-Copy1.ipynb
[AssignApp | INFO] Converting notebook /Users/vitorhadad/Documents/ECON1151/Homeworks/source/./HW1/HW1.ipynb to notebook
[AssignApp | WARNING] Removing unused grade_id from cell 12
[AssignApp | INFO] Writing 13324 bytes to /Users/vitorhadad/Documents/ECON1151/Homeworks/release/./HW1/HW1.ipynb
[AssignApp | INFO] Setting destination file permissions to 644
[AssignApp | WARNING] Removing existing assignment: /Users/vitorhadad/Documents/ECON1151/Homeworks/release/HW1
[AssignApp | INFO] Copying /Users/vitorhadad/Documents/ECON1151/Homeworks/source/./HW1/.DS_Store -> /Users/vitorhadad/Documents/ECON1151/Homeworks/release/./HW1/.DS_Store
[AssignApp | INFO] Updating/creating assignment 'HW1': {}
[AssignApp | INFO] Converting notebook /Users/vitorhadad/Documents/ECON1151/Homeworks/source/./HW1/HW1-Copy1.ipynb to notebook
[AssignApp | WARNING] Removing unused grade_id from cell 7
[AssignApp | WARNING] Removing unused grade_id from cell 9
[AssignApp | WARNING] Removing unused grade_id from cell 11
[AssignApp | WARNING] Removing unused grade_id from cell 13
[AssignApp | WARNING] Removing unused grade_id from cell 16
[AssignApp | WARNING] Removing unused grade_id from cell 18
[AssignApp | WARNING] Removing unused grade_id from cell 20
[AssignApp | WARNING] Removing unused grade_id from cell 32
[AssignApp | INFO] Writing 18229 bytes to /Users/vitorhadad/Documents/ECON1151/Homeworks/release/./HW1/HW1-Copy1.ipynb
[AssignApp | INFO] Converting notebook /Users/vitorhadad/Documents/ECON1151/Homeworks/source/./HW1/HW1.ipynb to notebook
[AssignApp | WARNING] Removing unused grade_id from cell 12
[AssignApp | INFO] Writing 15643 bytes to /Users/vitorhadad/Documents/ECON1151/Homeworks/release/./HW1/HW1.ipynb
[AssignApp | INFO] Setting destination file permissions to 644
[AssignApp | WARNING] Removing existing assignment: /Users/vitorhadad/Documents/ECON1151/Homeworks/release/HW1
[AssignApp | INFO] Copying /Users/vitorhadad/Documents/ECON1151/Homeworks/source/./HW1/.DS_Store -> /Users/vitorhadad/Documents/ECON1151/Homeworks/release/./HW1/.DS_Store
[AssignApp | INFO] Updating/creating assignment 'HW1': {}
[AssignApp | INFO] Converting notebook /Users/vitorhadad/Documents/ECON1151/Homeworks/source/./HW1/HW1-Copy1.ipynb to notebook
[AssignApp | WARNING] Removing unused grade_id from cell 7
[AssignApp | WARNING] Removing unused grade_id from cell 9
[AssignApp | WARNING] Removing unused grade_id from cell 11
[AssignApp | WARNING] Removing unused grade_id from cell 13
[AssignApp | WARNING] Removing unused grade_id from cell 16
[AssignApp | WARNING] Removing unused grade_id from cell 18
[AssignApp | WARNING] Removing unused grade_id from cell 20
[AssignApp | WARNING] Removing unused grade_id from cell 32
[AssignApp | INFO] Writing 18208 bytes to /Users/vitorhadad/Documents/ECON1151/Homeworks/release/./HW1/HW1-Copy1.ipynb
[AssignApp | INFO] Converting notebook /Users/vitorhadad/Documents/ECON1151/Homeworks/source/./HW1/HW1.ipynb to notebook
[AssignApp | WARNING] Removing unused grade_id from cell 12
[AssignApp | INFO] Writing 17283 bytes to /Users/vitorhadad/Documents/ECON1151/Homeworks/release/./HW1/HW1.ipynb
[AssignApp | INFO] Setting destination file permissions to 644
[AssignApp | WARNING] Removing existing assignment: /Users/vitorhadad/Documents/ECON1151/Homeworks/release/HW1
[AssignApp | INFO] Copying /Users/vitorhadad/Documents/ECON1151/Homeworks/source/./HW1/.DS_Store -> /Users/vitorhadad/Documents/ECON1151/Homeworks/release/./HW1/.DS_Store
[AssignApp | INFO] Copying /Users/vitorhadad/Documents/ECON1151/Homeworks/source/./HW1/hw1_latex.png -> /Users/vitorhadad/Documents/ECON1151/Homeworks/release/./HW1/hw1_latex.png
[AssignApp | INFO] Updating/creating assignment 'HW1': {}
[AssignApp | INFO] Converting notebook /Users/vitorhadad/Documents/ECON1151/Homeworks/source/./HW1/HW1-Copy1.ipynb to notebook
[AssignApp | WARNING] Removing unused grade_id from cell 7
[AssignApp | WARNING] Removing unused grade_id from cell 9
[AssignApp | WARNING] Removing unused grade_id from cell 11
[AssignApp | WARNING] Removing unused grade_id from cell 13
[AssignApp | WARNING] Removing unused grade_id from cell 16
[AssignApp | WARNING] Removing unused grade_id from cell 18
[AssignApp | WARNING] Removing unused grade_id from cell 20
[AssignApp | WARNING] Removing unused grade_id from cell 32
[AssignApp | INFO] Writing 18315 bytes to /Users/vitorhadad/Documents/ECON1151/Homeworks/release/./HW1/HW1-Copy1.ipynb
[AssignApp | INFO] Converting notebook /Users/vitorhadad/Documents/ECON1151/Homeworks/source/./HW1/HW1.ipynb to notebook
[AssignApp | WARNING] Removing unused grade_id from cell 12
[AssignApp | INFO] Writing 18929 bytes to /Users/vitorhadad/Documents/ECON1151/Homeworks/release/./HW1/HW1.ipynb
[AssignApp | INFO] Setting destination file permissions to 644
[AssignApp | WARNING] Removing existing assignment: /Users/vitorhadad/Documents/ECON1151/Homeworks/release/HW1
[AssignApp | INFO] Copying /Users/vitorhadad/Documents/ECON1151/Homeworks/source/./HW1/.DS_Store -> /Users/vitorhadad/Documents/ECON1151/Homeworks/release/./HW1/.DS_Store
[AssignApp | INFO] Copying /Users/vitorhadad/Documents/ECON1151/Homeworks/source/./HW1/hw1_latex.png -> /Users/vitorhadad/Documents/ECON1151/Homeworks/release/./HW1/hw1_latex.png
[AssignApp | INFO] Updating/creating assignment 'HW1': {}
[AssignApp | INFO] Converting notebook /Users/vitorhadad/Documents/ECON1151/Homeworks/source/./HW1/HW1-Copy1.ipynb to notebook
[AssignApp | WARNING] Removing unused grade_id from cell 7
[AssignApp | WARNING] Removing unused grade_id from cell 9
[AssignApp | WARNING] Removing unused grade_id from cell 11
[AssignApp | WARNING] Removing unused grade_id from cell 13
[AssignApp | WARNING] Removing unused grade_id from cell 16
[AssignApp | WARNING] Removing unused grade_id from cell 18
[AssignApp | WARNING] Removing unused grade_id from cell 20
[AssignApp | WARNING] Removing unused grade_id from cell 32
[AssignApp | INFO] Writing 18315 bytes to /Users/vitorhadad/Documents/ECON1151/Homeworks/release/./HW1/HW1-Copy1.ipynb
[AssignApp | INFO] Converting notebook /Users/vitorhadad/Documents/ECON1151/Homeworks/source/./HW1/HW1.ipynb to notebook
[AssignApp | WARNING] Removing unused grade_id from cell 18
[AssignApp | INFO] Writing 19553 bytes to /Users/vitorhadad/Documents/ECON1151/Homeworks/release/./HW1/HW1.ipynb
[AssignApp | INFO] Setting destination file permissions to 644
[AssignApp | WARNING] Removing existing assignment: /Users/vitorhadad/Documents/ECON1151/Homeworks/release/HW1
[AssignApp | INFO] Copying /Users/vitorhadad/Documents/ECON1151/Homeworks/source/./HW1/.DS_Store -> /Users/vitorhadad/Documents/ECON1151/Homeworks/release/./HW1/.DS_Store
[AssignApp | INFO] Copying /Users/vitorhadad/Documents/ECON1151/Homeworks/source/./HW1/hw1_latex.png -> /Users/vitorhadad/Documents/ECON1151/Homeworks/release/./HW1/hw1_latex.png
[AssignApp | INFO] Updating/creating assignment 'HW1': {}
[AssignApp | INFO] Converting notebook /Users/vitorhadad/Documents/ECON1151/Homeworks/source/./HW1/HW1-Copy1.ipynb to notebook
[AssignApp | WARNING] Removing unused grade_id from cell 7
[AssignApp | WARNING] Removing unused grade_id from cell 9
[AssignApp | WARNING] Removing unused grade_id from cell 11
[AssignApp | WARNING] Removing unused grade_id from cell 13
[AssignApp | WARNING] Removing unused grade_id from cell 16
[AssignApp | WARNING] Removing unused grade_id from cell 18
[AssignApp | WARNING] Removing unused grade_id from cell 20
[AssignApp | WARNING] Removing unused grade_id from cell 32
[AssignApp | INFO] Writing 18315 bytes to /Users/vitorhadad/Documents/ECON1151/Homeworks/release/./HW1/HW1-Copy1.ipynb
[AssignApp | INFO] Converting notebook /Users/vitorhadad/Documents/ECON1151/Homeworks/source/./HW1/HW1.ipynb to notebook
[AssignApp | WARNING] Removing unused grade_id from cell 18
[AssignApp | INFO] Writing 19145 bytes to /Users/vitorhadad/Documents/ECON1151/Homeworks/release/./HW1/HW1.ipynb
[AssignApp | INFO] Setting destination file permissions to 644
